[2m> [22mtsc && concurrently "vite" "cross-env NODE_ENV=development electron ."

apps/proxy-monitor/src/renderer/index.ts(11,29): error TS2307: Cannot find module '../views/monitor/index' or its corresponding type declarations.
apps/proxy-monitor/src/renderer/index.ts(16,29): error TS2307: Cannot find module '../views/settings/index' or its corresponding type declarations.
apps/proxy-monitor/src/renderer/index.ts(21,29): error TS2307: Cannot find module '../views/system-proxy/index' or its corresponding type declarations.
apps/proxy-monitor/src/renderer/index.ts(26,29): error TS2307: Cannot find module '../views/component-library/index' or its corresponding type declarations.
apps/proxy-monitor/src/renderer/views/component-demos-view/components/demo-doc-page/demo-doc-page.tsx(5,50): error TS2307: Cannot find module '../demos/bn-form/bn-form-doc' or its corresponding type declarations.
apps/proxy-monitor/src/renderer/views/component-demos-view/components/demo-doc-page/demo-doc-page.tsx(6,55): error TS2307: Cannot find module '../demos/bn-form-item/bn-form-item-doc' or its corresponding type declarations.
apps/proxy-monitor/src/renderer/views/component-demos-view/components/demo-doc-page/demo-doc-page.tsx(7,51): error TS2307: Cannot find module '../demos/bn-input/bn-input-doc' or its corresponding type declarations.
apps/proxy-monitor/src/renderer/views/component-demos-view/components/demo-doc-page/demo-doc-page.tsx(8,52): error TS2307: Cannot find module '../demos/bn-select/bn-select-doc' or its corresponding type declarations.
apps/proxy-monitor/src/renderer/views/component-demos-view/components/demo-doc-page/demo-doc-page.tsx(9,57): error TS2307: Cannot find module '../demos/bn-select-item/bn-select-item-doc' or its corresponding type declarations.
apps/proxy-monitor/src/renderer/views/component-demos-view/demos/bn-form-item/bn-form-item-doc.tsx(4,24): error TS2307: Cannot find module '@balnc-nova-ui/core' or its corresponding type declarations.
apps/proxy-monitor/src/renderer/views/component-demos-view/demos/bn-form-item/bn-form-item-doc.tsx(5,28): error TS2307: Cannot find module '@balnc-nova-ui/core' or its corresponding type declarations.
apps/proxy-monitor/src/renderer/views/component-demos-view/demos/bn-form-item/bn-form-item-doc.tsx(6,25): error TS2307: Cannot find module '@balnc-nova-ui/core' or its corresponding type declarations.
apps/proxy-monitor/src/renderer/views/component-demos-view/demos/bn-form-item/examples/basic-form-item/basic-form-item.tsx(5,28): error TS2307: Cannot find module '../../../../../../components/bn-form' or its corresponding type declarations.
apps/proxy-monitor/src/renderer/views/component-demos-view/demos/bn-form-item/examples/basic-form-item/basic-form-item.tsx(6,25): error TS2307: Cannot find module '../../../../../../components/bn-input' or its corresponding type declarations.
apps/proxy-monitor/src/renderer/views/component-demos-view/demos/bn-form-item/examples/form-item-label/form-item-label.tsx(5,28): error TS2307: Cannot find module '../../../../../../components/bn-form' or its corresponding type declarations.
apps/proxy-monitor/src/renderer/views/component-demos-view/demos/bn-form-item/examples/form-item-label/form-item-label.tsx(6,25): error TS2307: Cannot find module '../../../../../../components/bn-input' or its corresponding type declarations.
apps/proxy-monitor/src/renderer/views/component-demos-view/demos/bn-form-item/examples/form-item-required/form-item-required.tsx(5,28): error TS2307: Cannot find module '../../../../../../components/bn-form' or its corresponding type declarations.
apps/proxy-monitor/src/renderer/views/component-demos-view/demos/bn-form-item/examples/form-item-required/form-item-required.tsx(6,25): error TS2307: Cannot find module '../../../../../../components/bn-input' or its corresponding type declarations.
apps/proxy-monitor/src/renderer/views/component-demos-view/demos/bn-form/bn-form-doc.tsx(4,24): error TS2307: Cannot find module '@balnc-nova-ui/core' or its corresponding type declarations.
apps/proxy-monitor/src/renderer/views/component-demos-view/demos/bn-form/bn-form-doc.tsx(5,28): error TS2307: Cannot find module '@balnc-nova-ui/core' or its corresponding type declarations.
apps/proxy-monitor/src/renderer/views/component-demos-view/demos/bn-form/bn-form-doc.tsx(6,25): error TS2307: Cannot find module '@balnc-nova-ui/core' or its corresponding type declarations.
apps/proxy-monitor/src/renderer/views/component-demos-view/demos/bn-form/bn-form-doc.tsx(7,26): error TS2307: Cannot find module '@balnc-nova-ui/core' or its corresponding type declarations.
apps/proxy-monitor/src/renderer/views/component-demos-view/demos/bn-form/examples/basic-form/basic-form.tsx(5,24): error TS2307: Cannot find module '../../../../../../components/bn-form' or its corresponding type declarations.
apps/proxy-monitor/src/renderer/views/component-demos-view/demos/bn-form/examples/basic-form/basic-form.tsx(6,28): error TS2307: Cannot find module '../../../../../../components/bn-form' or its corresponding type declarations.
apps/proxy-monitor/src/renderer/views/component-demos-view/demos/bn-form/examples/basic-form/basic-form.tsx(7,25): error TS2307: Cannot find module '../../../../../../components/bn-input' or its corresponding type declarations.
apps/proxy-monitor/src/renderer/views/component-demos-view/demos/bn-form/examples/basic-form/basic-form.tsx(8,26): error TS2307: Cannot find module '../../../../../../components/bn-select' or its corresponding type declarations.
apps/proxy-monitor/src/renderer/views/component-demos-view/demos/bn-form/examples/form-actions/form-actions.tsx(5,24): error TS2307: Cannot find module '../../../../../../components/bn-form' or its corresponding type declarations.
apps/proxy-monitor/src/renderer/views/component-demos-view/demos/bn-form/examples/form-actions/form-actions.tsx(6,28): error TS2307: Cannot find module '../../../../../../components/bn-form' or its corresponding type declarations.
apps/proxy-monitor/src/renderer/views/component-demos-view/demos/bn-form/examples/form-actions/form-actions.tsx(7,25): error TS2307: Cannot find module '../../../../../../components/bn-input' or its corresponding type declarations.
apps/proxy-monitor/src/renderer/views/component-demos-view/demos/bn-form/examples/form-actions/form-actions.tsx(8,26): error TS2307: Cannot find module '../../../../../../components/bn-select' or its corresponding type declarations.
apps/proxy-monitor/src/renderer/views/component-demos-view/demos/bn-form/examples/form-validation/form-validation.tsx(5,24): error TS2307: Cannot find module '../../../../../../components/bn-form' or its corresponding type declarations.
apps/proxy-monitor/src/renderer/views/component-demos-view/demos/bn-form/examples/form-validation/form-validation.tsx(6,28): error TS2307: Cannot find module '../../../../../../components/bn-form' or its corresponding type declarations.
apps/proxy-monitor/src/renderer/views/component-demos-view/demos/bn-form/examples/form-validation/form-validation.tsx(7,25): error TS2307: Cannot find module '../../../../../../components/bn-input' or its corresponding type declarations.
apps/proxy-monitor/src/renderer/views/component-demos-view/demos/bn-form/examples/form-validation/form-validation.tsx(8,26): error TS2307: Cannot find module '../../../../../../components/bn-select' or its corresponding type declarations.
apps/proxy-monitor/src/renderer/views/component-demos-view/demos/bn-input/bn-input-doc.tsx(4,25): error TS2307: Cannot find module '@balnc-nova-ui/core' or its corresponding type declarations.
apps/proxy-monitor/src/renderer/views/component-demos-view/demos/bn-input/examples/basic-input/basic-input.tsx(5,25): error TS2307: Cannot find module '../../../../../../components/bn-input' or its corresponding type declarations.
apps/proxy-monitor/src/renderer/views/component-demos-view/demos/bn-input/examples/input-disabled/input-disabled.tsx(5,25): error TS2307: Cannot find module '../../../../../../components/bn-input' or its corresponding type declarations.
apps/proxy-monitor/src/renderer/views/component-demos-view/demos/bn-input/examples/input-placeholder/input-placeholder.tsx(5,25): error TS2307: Cannot find module '../../../../../../components/bn-input' or its corresponding type declarations.
apps/proxy-monitor/src/renderer/views/component-demos-view/demos/bn-select-item/bn-select-item-doc.tsx(4,30): error TS2307: Cannot find module '@balnc-nova-ui/core' or its corresponding type declarations.
apps/proxy-monitor/src/renderer/views/component-demos-view/demos/bn-select-item/examples/basic-item/basic-item.tsx(5,30): error TS2307: Cannot find module '../../../../../../components/bn-select-item' or its corresponding type declarations.
apps/proxy-monitor/src/renderer/views/component-demos-view/demos/bn-select-item/examples/item-click/item-click.tsx(5,30): error TS2307: Cannot find module '../../../../../../components/bn-select-item' or its corresponding type declarations.
apps/proxy-monitor/src/renderer/views/component-demos-view/demos/bn-select-item/examples/item-hover/item-hover.tsx(5,30): error TS2307: Cannot find module '../../../../../../components/bn-select-item' or its corresponding type declarations.
apps/proxy-monitor/src/renderer/views/component-demos-view/demos/bn-select/bn-select-doc.tsx(4,26): error TS2307: Cannot find module '@balnc-nova-ui/core' or its corresponding type declarations.
apps/proxy-monitor/src/renderer/views/component-demos-view/demos/bn-select/examples/basic-select/basic-select.tsx(5,26): error TS2307: Cannot find module '../../../../../../components/bn-select' or its corresponding type declarations.
apps/proxy-monitor/src/renderer/views/component-demos-view/demos/bn-select/examples/select-clearable/select-clearable.tsx(5,26): error TS2307: Cannot find module '../../../../../../components/bn-select' or its corresponding type declarations.
apps/proxy-monitor/src/renderer/views/component-demos-view/demos/bn-select/examples/select-disabled/select-disabled.tsx(5,26): error TS2307: Cannot find module '../../../../../../components/bn-select' or its corresponding type declarations.
apps/proxy-monitor/src/renderer/views/component-library/component-library.tsx(4,36): error TS2307: Cannot find module '../../components/bn-form' or its corresponding type declarations.
apps/proxy-monitor/src/renderer/views/component-library/component-library.tsx(5,25): error TS2307: Cannot find module '../../components/bn-input' or its corresponding type declarations.
apps/proxy-monitor/src/renderer/views/component-library/component-library.tsx(6,26): error TS2307: Cannot find module '../../components/bn-select' or its corresponding type declarations.
apps/proxy-monitor/src/renderer/views/component-library/composables/use-demo-state.ts(2,27): error TS2307: Cannot find module '../../../components/bn-form/types' or its corresponding type declarations.
apps/proxy-monitor/src/renderer/views/monitor/composables/use-monitor-table.tsx(4,31): error TS2307: Cannot find module '../../../components/bn-table/types' or its corresponding type declarations.
apps/proxy-monitor/src/renderer/views/monitor/composables/use-monitor-table.tsx(5,18): error TS2307: Cannot find module '../../../components/bn-icon/bn-icon' or its corresponding type declarations.
apps/proxy-monitor/src/renderer/views/monitor/composables/use-monitor-table.tsx(41,81): error TS7006: Parameter 'val' implicitly has an 'any' type.
apps/proxy-monitor/src/renderer/views/monitor/composables/use-monitor-table.tsx(42,86): error TS7006: Parameter 'val' implicitly has an 'any' type.
apps/proxy-monitor/src/renderer/views/monitor/composables/use-monitor-table.tsx(43,82): error TS7006: Parameter 'val' implicitly has an 'any' type.
apps/proxy-monitor/src/renderer/views/monitor/composables/use-monitor-table.tsx(44,82): error TS7006: Parameter '_' implicitly has an 'any' type.
apps/proxy-monitor/src/renderer/views/monitor/composables/use-monitor-table.tsx(44,85): error TS7006: Parameter 'row' implicitly has an 'any' type.
apps/proxy-monitor/src/renderer/views/monitor/composables/use-monitor-table.tsx(49,22): error TS7006: Parameter '_' implicitly has an 'any' type.
apps/proxy-monitor/src/renderer/views/monitor/composables/use-monitor-table.tsx(49,25): error TS7006: Parameter 'row' implicitly has an 'any' type.
apps/proxy-monitor/src/renderer/views/monitor/monitor.tsx(7,25): error TS2307: Cannot find module '@balnc-nova-ui/core' or its corresponding type declarations.
apps/proxy-monitor/src/renderer/views/monitor/monitor.tsx(8,31): error TS2307: Cannot find module '@balnc-nova-ui/core' or its corresponding type declarations.
apps/proxy-monitor/src/renderer/views/monitor/monitor.tsx(9,18): error TS2307: Cannot find module '@balnc-nova-ui/core' or its corresponding type declarations.
apps/proxy-monitor/src/renderer/views/settings/settings.tsx(5,26): error TS2307: Cannot find module '../../components/bn-select' or its corresponding type declarations.
apps/proxy-monitor/src/renderer/views/system-proxy/components/bypass-rules-table.tsx(4,21): error TS2307: Cannot find module '../../../components/bn-table/bn-table' or its corresponding type declarations.
apps/proxy-monitor/src/renderer/views/system-proxy/components/bypass-rules-table.tsx(5,25): error TS2307: Cannot find module '../../../components/bn-input' or its corresponding type declarations.
apps/proxy-monitor/src/renderer/views/system-proxy/components/bypass-rules-table.tsx(6,31): error TS2307: Cannot find module '../../../components/bn-table/types' or its corresponding type declarations.
apps/proxy-monitor/src/renderer/views/system-proxy/components/bypass-rules-table.tsx(7,18): error TS2307: Cannot find module '../../../components/bn-icon/bn-icon' or its corresponding type declarations.
apps/proxy-monitor/src/renderer/views/system-proxy/components/bypass-rules-table.tsx(87,18): error TS7006: Parameter '_' implicitly has an 'any' type.
apps/proxy-monitor/src/renderer/views/system-proxy/components/bypass-rules-table.tsx(87,21): error TS7006: Parameter 'row' implicitly has an 'any' type.
apps/proxy-monitor/src/renderer/views/system-proxy/components/bypass-rules-table.tsx(104,18): error TS7006: Parameter '_' implicitly has an 'any' type.
apps/proxy-monitor/src/renderer/views/system-proxy/components/bypass-rules-table.tsx(104,21): error TS7006: Parameter 'row' implicitly has an 'any' type.
apps/proxy-monitor/src/renderer/views/system-proxy/components/bypass-rules-table.tsx(122,18): error TS7006: Parameter '_' implicitly has an 'any' type.
apps/proxy-monitor/src/renderer/views/system-proxy/components/bypass-rules-table.tsx(122,21): error TS7006: Parameter 'row' implicitly has an 'any' type.
apps/proxy-monitor/src/renderer/views/system-proxy/components/bypass-rules-table.tsx(136,18): error TS7006: Parameter 'val' implicitly has an 'any' type.
apps/proxy-monitor/src/renderer/views/system-proxy/components/bypass-rules-table.tsx(142,18): error TS7006: Parameter '_' implicitly has an 'any' type.
apps/proxy-monitor/src/renderer/views/system-proxy/components/bypass-rules-table.tsx(142,21): error TS7006: Parameter 'row' implicitly has an 'any' type.
apps/proxy-monitor/src/renderer/views/system-proxy/system-proxy.tsx(5,25): error TS2307: Cannot find module '../../components/bn-input' or its corresponding type declarations.
apps/proxy-monitor/src/renderer/views/views/component-demos-view/component-demos-view.tsx(3,10): error TS2614: Module '"./components/demo-sidebar"' has no exported member 'DemoSidebar'. Did you mean to use 'import DemoSidebar from "./components/demo-sidebar"' instead?
apps/proxy-monitor/src/renderer/views/views/component-demos-view/component-demos-view.tsx(4,10): error TS2614: Module '"./components/demo-doc-page"' has no exported member 'DemoDocPage'. Did you mean to use 'import DemoDocPage from "./components/demo-doc-page"' instead?
apps/proxy-monitor/src/renderer/views/views/component-demos-view/components/demo-doc-page/demo-doc-page.tsx(5,50): error TS2307: Cannot find module '../demos/bn-form/bn-form-doc' or its corresponding type declarations.
apps/proxy-monitor/src/renderer/views/views/component-demos-view/components/demo-doc-page/demo-doc-page.tsx(6,55): error TS2307: Cannot find module '../demos/bn-form-item/bn-form-item-doc' or its corresponding type declarations.
apps/proxy-monitor/src/renderer/views/views/component-demos-view/components/demo-doc-page/demo-doc-page.tsx(7,51): error TS2307: Cannot find module '../demos/bn-input/bn-input-doc' or its corresponding type declarations.
apps/proxy-monitor/src/renderer/views/views/component-demos-view/components/demo-doc-page/demo-doc-page.tsx(8,52): error TS2307: Cannot find module '../demos/bn-select/bn-select-doc' or its corresponding type declarations.
apps/proxy-monitor/src/renderer/views/views/component-demos-view/components/demo-doc-page/demo-doc-page.tsx(9,57): error TS2307: Cannot find module '../demos/bn-select-item/bn-select-item-doc' or its corresponding type declarations.
apps/proxy-monitor/src/renderer/views/views/component-demos-view/components/demo-sidebar/demo-sidebar.tsx(29,19): error TS2352: Conversion of type 'FunctionConstructor' to type '() => (id: string) => void' may be a mistake because neither type sufficiently overlaps with the other. If this was intentional, convert the expression to 'unknown' first.
  Type 'Function' is not comparable to type '(id: string) => void'.
    Type 'Function' provides no match for the signature '(id: string): void'.
apps/proxy-monitor/src/renderer/views/views/component-demos-view/demos/bn-form-item/bn-form-item-doc.tsx(3,10): error TS2614: Module '"../../components/demo-container"' has no exported member 'DemoContainer'. Did you mean to use 'import DemoContainer from "../../components/demo-container"' instead?
apps/proxy-monitor/src/renderer/views/views/component-demos-view/demos/bn-form-item/bn-form-item-doc.tsx(4,24): error TS2307: Cannot find module '../../../components/bn-form' or its corresponding type declarations.
apps/proxy-monitor/src/renderer/views/views/component-demos-view/demos/bn-form-item/bn-form-item-doc.tsx(5,28): error TS2307: Cannot find module '../../../components/bn-form' or its corresponding type declarations.
apps/proxy-monitor/src/renderer/views/views/component-demos-view/demos/bn-form-item/bn-form-item-doc.tsx(6,25): error TS2307: Cannot find module '../../../components/bn-input' or its corresponding type declarations.
apps/proxy-monitor/src/renderer/views/views/component-demos-view/demos/bn-form-item/examples/basic-form-item/basic-form-item.tsx(5,28): error TS2307: Cannot find module '../../../../../../components/bn-form' or its corresponding type declarations.
apps/proxy-monitor/src/renderer/views/views/component-demos-view/demos/bn-form-item/examples/basic-form-item/basic-form-item.tsx(6,25): error TS2307: Cannot find module '../../../../../../components/bn-input' or its corresponding type declarations.
apps/proxy-monitor/src/renderer/views/views/component-demos-view/demos/bn-form-item/examples/form-item-label/form-item-label.tsx(5,28): error TS2307: Cannot find module '../../../../../../components/bn-form' or its corresponding type declarations.
apps/proxy-monitor/src/renderer/views/views/component-demos-view/demos/bn-form-item/examples/form-item-label/form-item-label.tsx(6,25): error TS2307: Cannot find module '../../../../../../components/bn-input' or its corresponding type declarations.
apps/proxy-monitor/src/renderer/views/views/component-demos-view/demos/bn-form-item/examples/form-item-required/form-item-required.tsx(5,28): error TS2307: Cannot find module '../../../../../../components/bn-form' or its corresponding type declarations.
apps/proxy-monitor/src/renderer/views/views/component-demos-view/demos/bn-form-item/examples/form-item-required/form-item-required.tsx(6,25): error TS2307: Cannot find module '../../../../../../components/bn-input' or its corresponding type declarations.
apps/proxy-monitor/src/renderer/views/views/component-demos-view/demos/bn-form/bn-form-doc.tsx(3,10): error TS2614: Module '"../../components/demo-container"' has no exported member 'DemoContainer'. Did you mean to use 'import DemoContainer from "../../components/demo-container"' instead?
apps/proxy-monitor/src/renderer/views/views/component-demos-view/demos/bn-form/bn-form-doc.tsx(4,24): error TS2307: Cannot find module '../../../components/bn-form' or its corresponding type declarations.
apps/proxy-monitor/src/renderer/views/views/component-demos-view/demos/bn-form/bn-form-doc.tsx(5,28): error TS2307: Cannot find module '../../../components/bn-form' or its corresponding type declarations.
apps/proxy-monitor/src/renderer/views/views/component-demos-view/demos/bn-form/bn-form-doc.tsx(6,25): error TS2307: Cannot find module '../../../components/bn-input' or its corresponding type declarations.
apps/proxy-monitor/src/renderer/views/views/component-demos-view/demos/bn-form/bn-form-doc.tsx(7,26): error TS2307: Cannot find module '../../../components/bn-select' or its corresponding type declarations.
apps/proxy-monitor/src/renderer/views/views/component-demos-view/demos/bn-form/examples/basic-form/basic-form.tsx(5,24): error TS2307: Cannot find module '../../../../../../components/bn-form' or its corresponding type declarations.
apps/proxy-monitor/src/renderer/views/views/component-demos-view/demos/bn-form/examples/basic-form/basic-form.tsx(6,28): error TS2307: Cannot find module '../../../../../../components/bn-form' or its corresponding type declarations.
apps/proxy-monitor/src/renderer/views/views/component-demos-view/demos/bn-form/examples/basic-form/basic-form.tsx(7,25): error TS2307: Cannot find module '../../../../../../components/bn-input' or its corresponding type declarations.
apps/proxy-monitor/src/renderer/views/views/component-demos-view/demos/bn-form/examples/basic-form/basic-form.tsx(8,26): error TS2307: Cannot find module '../../../../../../components/bn-select' or its corresponding type declarations.
apps/proxy-monitor/src/renderer/views/views/component-demos-view/demos/bn-form/examples/form-actions/form-actions.tsx(5,24): error TS2307: Cannot find module '../../../../../../components/bn-form' or its corresponding type declarations.
apps/proxy-monitor/src/renderer/views/views/component-demos-view/demos/bn-form/examples/form-actions/form-actions.tsx(6,28): error TS2307: Cannot find module '../../../../../../components/bn-form' or its corresponding type declarations.
apps/proxy-monitor/src/renderer/views/views/component-demos-view/demos/bn-form/examples/form-actions/form-actions.tsx(7,25): error TS2307: Cannot find module '../../../../../../components/bn-input' or its corresponding type declarations.
apps/proxy-monitor/src/renderer/views/views/component-demos-view/demos/bn-form/examples/form-actions/form-actions.tsx(8,26): error TS2307: Cannot find module '../../../../../../components/bn-select' or its corresponding type declarations.
apps/proxy-monitor/src/renderer/views/views/component-demos-view/demos/bn-form/examples/form-validation/form-validation.tsx(5,24): error TS2307: Cannot find module '../../../../../../components/bn-form' or its corresponding type declarations.
apps/proxy-monitor/src/renderer/views/views/component-demos-view/demos/bn-form/examples/form-validation/form-validation.tsx(6,28): error TS2307: Cannot find module '../../../../../../components/bn-form' or its corresponding type declarations.
apps/proxy-monitor/src/renderer/views/views/component-demos-view/demos/bn-form/examples/form-validation/form-validation.tsx(7,25): error TS2307: Cannot find module '../../../../../../components/bn-input' or its corresponding type declarations.
apps/proxy-monitor/src/renderer/views/views/component-demos-view/demos/bn-form/examples/form-validation/form-validation.tsx(8,26): error TS2307: Cannot find module '../../../../../../components/bn-select' or its corresponding type declarations.
apps/proxy-monitor/src/renderer/views/views/component-demos-view/demos/bn-input/bn-input-doc.tsx(3,10): error TS2614: Module '"../../components/demo-container"' has no exported member 'DemoContainer'. Did you mean to use 'import DemoContainer from "../../components/demo-container"' instead?
apps/proxy-monitor/src/renderer/views/views/component-demos-view/demos/bn-input/bn-input-doc.tsx(4,25): error TS2307: Cannot find module '../../../components/bn-input' or its corresponding type declarations.
apps/proxy-monitor/src/renderer/views/views/component-demos-view/demos/bn-input/examples/basic-input/basic-input.tsx(5,25): error TS2307: Cannot find module '../../../../../../components/bn-input' or its corresponding type declarations.
apps/proxy-monitor/src/renderer/views/views/component-demos-view/demos/bn-input/examples/input-disabled/input-disabled.tsx(5,25): error TS2307: Cannot find module '../../../../../../components/bn-input' or its corresponding type declarations.
apps/proxy-monitor/src/renderer/views/views/component-demos-view/demos/bn-input/examples/input-placeholder/input-placeholder.tsx(5,25): error TS2307: Cannot find module '../../../../../../components/bn-input' or its corresponding type declarations.
apps/proxy-monitor/src/renderer/views/views/component-demos-view/demos/bn-select-item/bn-select-item-doc.tsx(3,10): error TS2614: Module '"../../components/demo-container"' has no exported member 'DemoContainer'. Did you mean to use 'import DemoContainer from "../../components/demo-container"' instead?
apps/proxy-monitor/src/renderer/views/views/component-demos-view/demos/bn-select-item/bn-select-item-doc.tsx(4,30): error TS2307: Cannot find module '../../../../components/bn-select-item' or its corresponding type declarations.
apps/proxy-monitor/src/renderer/views/views/component-demos-view/demos/bn-select-item/examples/basic-item/basic-item.tsx(5,30): error TS2307: Cannot find module '../../../../../../components/bn-select-item' or its corresponding type declarations.
apps/proxy-monitor/src/renderer/views/views/component-demos-view/demos/bn-select-item/examples/item-click/item-click.tsx(5,30): error TS2307: Cannot find module '../../../../../../components/bn-select-item' or its corresponding type declarations.
apps/proxy-monitor/src/renderer/views/views/component-demos-view/demos/bn-select-item/examples/item-hover/item-hover.tsx(5,30): error TS2307: Cannot find module '../../../../../../components/bn-select-item' or its corresponding type declarations.
apps/proxy-monitor/src/renderer/views/views/component-demos-view/demos/bn-select/bn-select-doc.tsx(3,10): error TS2614: Module '"../../components/demo-container"' has no exported member 'DemoContainer'. Did you mean to use 'import DemoContainer from "../../components/demo-container"' instead?
apps/proxy-monitor/src/renderer/views/views/component-demos-view/demos/bn-select/bn-select-doc.tsx(4,26): error TS2307: Cannot find module '../../../components/bn-select' or its corresponding type declarations.
apps/proxy-monitor/src/renderer/views/views/component-demos-view/demos/bn-select/examples/basic-select/basic-select.tsx(5,26): error TS2307: Cannot find module '../../../../../../components/bn-select' or its corresponding type declarations.
apps/proxy-monitor/src/renderer/views/views/component-demos-view/demos/bn-select/examples/select-clearable/select-clearable.tsx(5,26): error TS2307: Cannot find module '../../../../../../components/bn-select' or its corresponding type declarations.
apps/proxy-monitor/src/renderer/views/views/component-demos-view/demos/bn-select/examples/select-disabled/select-disabled.tsx(5,26): error TS2307: Cannot find module '../../../../../../components/bn-select' or its corresponding type declarations.
apps/proxy-monitor/src/renderer/views/views/component-library/component-library.tsx(4,36): error TS2307: Cannot find module '../../components/bn-form' or its corresponding type declarations.
apps/proxy-monitor/src/renderer/views/views/component-library/component-library.tsx(5,25): error TS2307: Cannot find module '../../components/bn-input' or its corresponding type declarations.
apps/proxy-monitor/src/renderer/views/views/component-library/component-library.tsx(6,26): error TS2307: Cannot find module '../../components/bn-select' or its corresponding type declarations.
apps/proxy-monitor/src/renderer/views/views/component-library/composables/use-demo-state.ts(2,27): error TS2307: Cannot find module '../../../components/bn-form/types' or its corresponding type declarations.
apps/proxy-monitor/src/renderer/views/views/monitor/composables/use-monitor-table.tsx(4,31): error TS2307: Cannot find module '../../../components/bn-table/types' or its corresponding type declarations.
apps/proxy-monitor/src/renderer/views/views/monitor/composables/use-monitor-table.tsx(5,18): error TS2307: Cannot find module '../../../components/bn-icon/bn-icon' or its corresponding type declarations.
apps/proxy-monitor/src/renderer/views/views/monitor/composables/use-monitor-table.tsx(41,81): error TS7006: Parameter 'val' implicitly has an 'any' type.
apps/proxy-monitor/src/renderer/views/views/monitor/composables/use-monitor-table.tsx(42,86): error TS7006: Parameter 'val' implicitly has an 'any' type.
apps/proxy-monitor/src/renderer/views/views/monitor/composables/use-monitor-table.tsx(43,82): error TS7006: Parameter 'val' implicitly has an 'any' type.
apps/proxy-monitor/src/renderer/views/views/monitor/composables/use-monitor-table.tsx(44,82): error TS7006: Parameter '_' implicitly has an 'any' type.
apps/proxy-monitor/src/renderer/views/views/monitor/composables/use-monitor-table.tsx(44,85): error TS7006: Parameter 'row' implicitly has an 'any' type.
apps/proxy-monitor/src/renderer/views/views/monitor/composables/use-monitor-table.tsx(49,22): error TS7006: Parameter '_' implicitly has an 'any' type.
apps/proxy-monitor/src/renderer/views/views/monitor/composables/use-monitor-table.tsx(49,25): error TS7006: Parameter 'row' implicitly has an 'any' type.
apps/proxy-monitor/src/renderer/views/views/monitor/monitor.tsx(7,21): error TS2307: Cannot find module '../../components/bn-table/bn-table' or its corresponding type declarations.
apps/proxy-monitor/src/renderer/views/views/monitor/monitor.tsx(8,31): error TS2307: Cannot find module '../../components/bn-input' or its corresponding type declarations.
apps/proxy-monitor/src/renderer/views/views/monitor/monitor.tsx(9,18): error TS2307: Cannot find module '../../components/bn-icon/bn-icon' or its corresponding type declarations.
apps/proxy-monitor/src/renderer/views/views/settings/settings.tsx(5,26): error TS2307: Cannot find module '../../components/bn-select' or its corresponding type declarations.
apps/proxy-monitor/src/renderer/views/views/system-proxy/components/bypass-rules-table.tsx(3,38): error TS2307: Cannot find module '../../../../shared/common-types' or its corresponding type declarations.
apps/proxy-monitor/src/renderer/views/views/system-proxy/components/bypass-rules-table.tsx(4,21): error TS2307: Cannot find module '../../../components/bn-table/bn-table' or its corresponding type declarations.
apps/proxy-monitor/src/renderer/views/views/system-proxy/components/bypass-rules-table.tsx(5,25): error TS2307: Cannot find module '../../../components/bn-input' or its corresponding type declarations.
apps/proxy-monitor/src/renderer/views/views/system-proxy/components/bypass-rules-table.tsx(6,31): error TS2307: Cannot find module '../../../components/bn-table/types' or its corresponding type declarations.
apps/proxy-monitor/src/renderer/views/views/system-proxy/components/bypass-rules-table.tsx(7,18): error TS2307: Cannot find module '../../../components/bn-icon/bn-icon' or its corresponding type declarations.
apps/proxy-monitor/src/renderer/views/views/system-proxy/components/bypass-rules-table.tsx(87,18): error TS7006: Parameter '_' implicitly has an 'any' type.
apps/proxy-monitor/src/renderer/views/views/system-proxy/components/bypass-rules-table.tsx(87,21): error TS7006: Parameter 'row' implicitly has an 'any' type.
apps/proxy-monitor/src/renderer/views/views/system-proxy/components/bypass-rules-table.tsx(104,18): error TS7006: Parameter '_' implicitly has an 'any' type.
apps/proxy-monitor/src/renderer/views/views/system-proxy/components/bypass-rules-table.tsx(104,21): error TS7006: Parameter 'row' implicitly has an 'any' type.
apps/proxy-monitor/src/renderer/views/views/system-proxy/components/bypass-rules-table.tsx(122,18): error TS7006: Parameter '_' implicitly has an 'any' type.
apps/proxy-monitor/src/renderer/views/views/system-proxy/components/bypass-rules-table.tsx(122,21): error TS7006: Parameter 'row' implicitly has an 'any' type.
apps/proxy-monitor/src/renderer/views/views/system-proxy/components/bypass-rules-table.tsx(136,18): error TS7006: Parameter 'val' implicitly has an 'any' type.
apps/proxy-monitor/src/renderer/views/views/system-proxy/components/bypass-rules-table.tsx(142,18): error TS7006: Parameter '_' implicitly has an 'any' type.
apps/proxy-monitor/src/renderer/views/views/system-proxy/components/bypass-rules-table.tsx(142,21): error TS7006: Parameter 'row' implicitly has an 'any' type.
apps/proxy-monitor/src/renderer/views/views/system-proxy/composables/use-extended-proxy-state.ts(3,59): error TS2307: Cannot find module '../../../../shared/common-types' or its corresponding type declarations.
apps/proxy-monitor/src/renderer/views/views/system-proxy/system-proxy.tsx(5,25): error TS2307: Cannot find module '../../components/bn-input' or its corresponding type declarations.
